Sep-25 15:47:13.690 [main] DEBUG nextflow.cli.Launcher - $> nextflow run main.nf --input /home/julian/prueba/pipelines_escalables/tp1/data/tgm2_b.fa
Sep-25 15:47:13.880 [main] DEBUG nextflow.cli.CmdRun - N E X T F L O W  ~  version 24.10.2
Sep-25 15:47:13.913 [main] DEBUG nextflow.plugin.PluginsFacade - Setting up plugin manager > mode=prod; embedded=false; plugins-dir=/home/julian/.nextflow/plugins; core-plugins: nf-amazon@2.9.2,nf-azure@1.10.2,nf-cloudcache@0.4.2,nf-codecommit@0.2.2,nf-console@1.1.4,nf-google@1.15.2,nf-tower@1.9.3,nf-wave@1.7.4
Sep-25 15:47:13.944 [main] INFO  o.pf4j.DefaultPluginStatusProvider - Enabled plugins: []
Sep-25 15:47:13.946 [main] INFO  o.pf4j.DefaultPluginStatusProvider - Disabled plugins: []
Sep-25 15:47:13.952 [main] INFO  org.pf4j.DefaultPluginManager - PF4J version 3.12.0 in 'deployment' mode
Sep-25 15:47:13.973 [main] INFO  org.pf4j.AbstractPluginManager - No plugins
Sep-25 15:47:14.009 [main] DEBUG nextflow.config.ConfigBuilder - Found config local: /home/julian/pipelines_escalables/tps/tp2/nextflow.config
Sep-25 15:47:14.014 [main] DEBUG nextflow.config.ConfigBuilder - Parsing config file: /home/julian/pipelines_escalables/tps/tp2/nextflow.config
Sep-25 15:47:14.064 [main] DEBUG n.secret.LocalSecretsProvider - Secrets store: /home/julian/.nextflow/secrets/store.json
Sep-25 15:47:14.072 [main] DEBUG nextflow.secret.SecretsLoader - Discovered secrets providers: [nextflow.secret.LocalSecretsProvider@1ce93c18] - activable => nextflow.secret.LocalSecretsProvider@1ce93c18
Sep-25 15:47:14.099 [main] DEBUG nextflow.config.ConfigBuilder - Applying config profile: `standard`
Sep-25 15:47:14.965 [main] DEBUG nextflow.cli.CmdRun - Applied DSL=2 from script declaration
Sep-25 15:47:14.987 [main] DEBUG nextflow.cli.CmdRun - Launching `main.nf` [distraught_miescher] DSL2 - revision: 4c4129e621
Sep-25 15:47:14.990 [main] DEBUG nextflow.plugin.PluginsFacade - Plugins default=[]
Sep-25 15:47:14.991 [main] DEBUG nextflow.plugin.PluginsFacade - Plugins resolved requirement=[]
Sep-25 15:47:15.082 [main] DEBUG nextflow.Session - Session UUID: d6ff1412-5d9d-4ca2-ab5d-2fa091764101
Sep-25 15:47:15.083 [main] DEBUG nextflow.Session - Run name: distraught_miescher
Sep-25 15:47:15.083 [main] DEBUG nextflow.Session - Executor pool size: 8
Sep-25 15:47:15.097 [main] DEBUG nextflow.file.FilePorter - File porter settings maxRetries=3; maxTransfers=50; pollTimeout=null
Sep-25 15:47:15.106 [main] DEBUG nextflow.util.ThreadPoolBuilder - Creating thread pool 'FileTransfer' minSize=10; maxSize=24; workQueue=LinkedBlockingQueue[10000]; allowCoreThreadTimeout=false
Sep-25 15:47:15.142 [main] DEBUG nextflow.cli.CmdRun - 
  Version: 24.10.2 build 5932
  Created: 27-11-2024 21:23 UTC (18:23 ARST)
  System: Linux 6.6.87.2-microsoft-standard-WSL2
  Runtime: Groovy 4.0.23 on OpenJDK 64-Bit Server VM 17.0.10+7
  Encoding: UTF-8 (UTF-8)
  Process: 54483@DESKTOP-8LPL5KO [127.0.1.1]
  CPUs: 8 - Mem: 7.6 GB (5.7 GB) - Swap: 2 GB (2 GB)
Sep-25 15:47:15.180 [main] DEBUG nextflow.Session - Work-dir: /home/julian/pipelines_escalables/tps/tp2/work [ext2/ext3]
Sep-25 15:47:15.182 [main] DEBUG nextflow.Session - Script base path does not exist or is not a directory: /home/julian/pipelines_escalables/tps/tp2/bin
Sep-25 15:47:15.199 [main] DEBUG nextflow.executor.ExecutorFactory - Extension executors providers=[]
Sep-25 15:47:15.219 [main] DEBUG nextflow.Session - Observer factory: DefaultObserverFactory
Sep-25 15:47:15.262 [main] DEBUG nextflow.cache.CacheFactory - Using Nextflow cache factory: nextflow.cache.DefaultCacheFactory
Sep-25 15:47:15.278 [main] DEBUG nextflow.util.CustomThreadPool - Creating default thread pool > poolSize: 9; maxThreads: 1000
Sep-25 15:47:15.375 [main] DEBUG nextflow.Session - Session start
Sep-25 15:47:15.702 [main] DEBUG nextflow.script.ScriptRunner - > Launching execution
Sep-25 15:47:16.126 [main] DEBUG nextflow.executor.ExecutorFactory - << taskConfig executor: local
Sep-25 15:47:16.127 [main] DEBUG nextflow.executor.ExecutorFactory - >> processorType: 'local'
Sep-25 15:47:16.140 [main] DEBUG nextflow.executor.Executor - [warm up] executor > local
Sep-25 15:47:16.151 [main] DEBUG n.processor.LocalPollingMonitor - Creating local task monitor for executor 'local' > cpus=8; memory=7.6 GB; capacity=8; pollInterval=100ms; dumpInterval=5m
Sep-25 15:47:16.156 [main] DEBUG n.processor.TaskPollingMonitor - >>> barrier register (monitor: local)
Sep-25 15:47:16.271 [main] DEBUG nextflow.Session - Workflow process names [dsl2]: frecuencias_process
Sep-25 15:47:16.272 [main] DEBUG nextflow.Session - Igniting dataflow network (3)
Sep-25 15:47:16.286 [main] DEBUG nextflow.processor.TaskProcessor - Starting process > frecuencias_process
Sep-25 15:47:16.289 [main] DEBUG nextflow.script.ScriptRunner - Parsed script files:
  Script_dcb6484280f56769: /home/julian/pipelines_escalables/tps/tp2/./modules/frecuencias.nf
  Script_119f9083d1d7e723: /home/julian/pipelines_escalables/tps/tp2/main.nf
Sep-25 15:47:16.289 [main] DEBUG nextflow.script.ScriptRunner - > Awaiting termination 
Sep-25 15:47:16.289 [main] DEBUG nextflow.Session - Session await
Sep-25 15:47:16.604 [Task submitter] DEBUG n.executor.local.LocalTaskHandler - Launch cmd line: /bin/bash -ue .command.run
Sep-25 15:47:16.607 [Task submitter] INFO  nextflow.Session - [9d/1481f3] Submitted process > frecuencias_process (Procesando tgm2_b.fa)
Sep-25 15:47:16.675 [Task monitor] DEBUG n.processor.TaskPollingMonitor - Task completed > TaskHandler[id: 1; name: frecuencias_process (Procesando tgm2_b.fa); status: COMPLETED; exit: 0; error: -; workDir: /home/julian/pipelines_escalables/tps/tp2/work/9d/1481f3b5759bff0126327728187f89]
Sep-25 15:47:16.677 [Task monitor] DEBUG nextflow.util.ThreadPoolBuilder - Creating thread pool 'TaskFinalizer' minSize=10; maxSize=24; workQueue=LinkedBlockingQueue[10000]; allowCoreThreadTimeout=false
Sep-25 15:47:16.725 [TaskFinalizer-1] DEBUG nextflow.util.ThreadPoolBuilder - Creating thread pool 'PublishDir' minSize=10; maxSize=24; workQueue=LinkedBlockingQueue[10000]; allowCoreThreadTimeout=false
Sep-25 15:47:16.733 [main] DEBUG nextflow.Session - Session await > all processes finished
Sep-25 15:47:16.766 [Task monitor] DEBUG n.processor.TaskPollingMonitor - <<< barrier arrives (monitor: local) - terminating tasks monitor poll loop
Sep-25 15:47:16.767 [main] DEBUG nextflow.Session - Session await > all barriers passed
Sep-25 15:47:16.771 [main] DEBUG nextflow.util.ThreadPoolManager - Thread pool 'TaskFinalizer' shutdown completed (hard=false)
Sep-25 15:47:16.771 [main] DEBUG nextflow.util.ThreadPoolManager - Thread pool 'PublishDir' shutdown completed (hard=false)
Sep-25 15:47:16.780 [main] DEBUG n.trace.WorkflowStatsObserver - Workflow completed > WorkflowStats[succeededCount=1; failedCount=0; ignoredCount=0; cachedCount=0; pendingCount=0; submittedCount=0; runningCount=0; retriesCount=0; abortedCount=0; succeedDuration=2ms; failedDuration=0ms; cachedDuration=0ms;loadCpus=0; loadMemory=0; peakRunning=1; peakCpus=1; peakMemory=0; ]
Sep-25 15:47:16.861 [main] DEBUG nextflow.cache.CacheDB - Closing CacheDB done
Sep-25 15:47:16.950 [main] DEBUG nextflow.util.ThreadPoolManager - Thread pool 'FileTransfer' shutdown completed (hard=false)
Sep-25 15:47:16.952 [main] DEBUG nextflow.script.ScriptRunner - > Execution complete -- Goodbye
